app/build/intermediates/manifest_merge_blame_file/debug/processDebugMainManifest/manifest-merger-blame-debug-report.txt
1<?xml version="1.0" encoding="utf-8"?>
2<manifest xmlns:android="http://schemas.android.com/apk/res/android"
3    package="com.devpa.app"
4    android:versionCode="1"
5    android:versionName="1.0" >
6
7    <uses-sdk
8        android:minSdkVersion="26"
9        android:targetSdkVersion="34" />
10
11    <uses-permission android:name="android.permission.INTERNET" />
11-->src\main\AndroidManifest.xml:4:5-67
11-->src\main\AndroidManifest.xml:4:22-64
12    <uses-permission android:name="android.permission.RECEIVE_BOOT_COMPLETED" />
12-->src\main\AndroidManifest.xml:5:5-81
12-->src\main\AndroidManifest.xml:5:22-78
13    <uses-permission android:name="android.permission.POST_NOTIFICATIONS" />
13-->src\main\AndroidManifest.xml:6:5-77
13-->src\main\AndroidManifest.xml:6:22-74
14    <uses-permission android:name="android.permission.VIBRATE" />
14-->src\main\AndroidManifest.xml:7:5-66
14-->src\main\AndroidManifest.xml:7:22-63
15    <uses-permission android:name="android.permission.WAKE_LOCK" />
15-->[androidx.work:work-runtime:2.9.0] AndroidManifest.xml:23:5-68
15-->[androidx.work:work-runtime:2.9.0] AndroidManifest.xml:23:22-65
16    <uses-permission android:name="android.permission.ACCESS_NETWORK_STATE" />
16-->[androidx.work:work-runtime:2.9.0] AndroidManifest.xml:24:5-79
16-->[androidx.work:work-runtime:2.9.0] AndroidManifest.xml:24:22-76
17    <uses-permission android:name="android.permission.FOREGROUND_SERVICE" />
17-->[androidx.work:work-runtime:2.9.0] AndroidManifest.xml:26:5-77
17-->[androidx.work:work-runtime:2.9.0] AndroidManifest.xml:26:22-74
18
19    <permission
19-->[androidx.core:core:1.12.0] AndroidManifest.xml:22:5-24:47
20        android:name="com.devpa.app.DYNAMIC_RECEIVER_NOT_EXPORTED_PERMISSION"
20-->[androidx.core:core:1.12.0] AndroidManifest.xml:23:9-81
21        android:protectionLevel="signature" />
21-->[androidx.core:core:1.12.0] AndroidManifest.xml:24:9-44
22
23    <uses-permission android:name="com.devpa.app.DYNAMIC_RECEIVER_NOT_EXPORTED_PERMISSION" />
23-->[androidx.core:core:1.12.0] AndroidManifest.xml:26:5-97
23-->[androidx.core:core:1.12.0] AndroidManifest.xml:26:22-94
24
25    <application
25-->src\main\AndroidManifest.xml:9:5-84:19
26        android:name="com.devpa.app.DevPAApp"
26-->src\main\AndroidManifest.xml:10:9-33
27        android:allowBackup="true"
27-->src\main\AndroidManifest.xml:11:9-35
28        android:appComponentFactory="androidx.core.app.CoreComponentFactory"
28-->[androidx.core:core:1.12.0] AndroidManifest.xml:28:18-86
29        android:debuggable="true"
30        android:extractNativeLibs="false"
31        android:icon="@mipmap/ic_launcher"
31-->src\main\AndroidManifest.xml:12:9-43
32        android:label="@string/app_name"
32-->src\main\AndroidManifest.xml:13:9-41
33        android:roundIcon="@mipmap/ic_launcher_round"
33-->src\main\AndroidManifest.xml:14:9-54
34        android:supportsRtl="true"
34-->src\main\AndroidManifest.xml:15:9-35
35        android:testOnly="true"
36        android:theme="@style/Theme.DevPA" >
36-->src\main\AndroidManifest.xml:16:9-43
37
38        <!-- Main Activity -->
39        <activity
39-->src\main\AndroidManifest.xml:19:9-27:20
40            android:name="com.devpa.app.ui.MainActivity"
40-->src\main\AndroidManifest.xml:20:13-44
41            android:exported="true"
41-->src\main\AndroidManifest.xml:21:13-36
42            android:windowSoftInputMode="adjustResize" >
42-->src\main\AndroidManifest.xml:22:13-55
43            <intent-filter>
43-->src\main\AndroidManifest.xml:23:13-26:29
44                <action android:name="android.intent.action.MAIN" />
44-->src\main\AndroidManifest.xml:24:17-69
44-->src\main\AndroidManifest.xml:24:25-66
45
46                <category android:name="android.intent.category.LAUNCHER" />
46-->src\main\AndroidManifest.xml:25:17-77
46-->src\main\AndroidManifest.xml:25:27-74
47            </intent-filter>
48        </activity>
49
50        <!-- Habit widget configure activity -->
51        <activity
51-->src\main\AndroidManifest.xml:30:9-32:40
52            android:name="com.devpa.app.widget.HabitWidgetConfigureActivity"
52-->src\main\AndroidManifest.xml:31:13-64
53            android:exported="false" />
53-->src\main\AndroidManifest.xml:32:13-37
54
55        <!-- Journey widget configure activity -->
56        <activity
56-->src\main\AndroidManifest.xml:35:9-37:40
57            android:name="com.devpa.app.widget.JourneyWidgetConfigureActivity"
57-->src\main\AndroidManifest.xml:36:13-66
58            android:exported="false" />
58-->src\main\AndroidManifest.xml:37:13-37
59
60        <!-- Habit Home Screen Widget -->
61        <receiver
61-->src\main\AndroidManifest.xml:40:9-50:20
62            android:name="com.devpa.app.widget.DevPAWidgetProvider"
62-->src\main\AndroidManifest.xml:41:13-55
63            android:exported="true" >
63-->src\main\AndroidManifest.xml:42:13-36
64            <intent-filter>
64-->src\main\AndroidManifest.xml:43:13-46:29
65                <action android:name="android.appwidget.action.APPWIDGET_UPDATE" />
65-->src\main\AndroidManifest.xml:44:17-84
65-->src\main\AndroidManifest.xml:44:25-81
66                <action android:name="com.devpa.app.ACTION_TOGGLE_HABIT" />
66-->src\main\AndroidManifest.xml:45:17-76
66-->src\main\AndroidManifest.xml:45:25-73
67            </intent-filter>
68
69            <meta-data
69-->src\main\AndroidManifest.xml:47:13-49:61
70                android:name="android.appwidget.provider"
70-->src\main\AndroidManifest.xml:48:17-58
71                android:resource="@xml/devpa_widget_info" />
71-->src\main\AndroidManifest.xml:49:17-58
72        </receiver>
73
74        <!-- Journey Home Screen Widget -->
75        <receiver
75-->src\main\AndroidManifest.xml:53:9-63:20
76            android:name="com.devpa.app.widget.JourneyWidgetProvider"
76-->src\main\AndroidManifest.xml:54:13-57
77            android:exported="true" >
77-->src\main\AndroidManifest.xml:55:13-36
78            <intent-filter>
78-->src\main\AndroidManifest.xml:56:13-59:29
79                <action android:name="android.appwidget.action.APPWIDGET_UPDATE" />
79-->src\main\AndroidManifest.xml:44:17-84
79-->src\main\AndroidManifest.xml:44:25-81
80                <action android:name="com.devpa.app.ACTION_COMPLETE_STEP" />
80-->src\main\AndroidManifest.xml:58:17-77
80-->src\main\AndroidManifest.xml:58:25-74
81            </intent-filter>
82
83            <meta-data
83-->src\main\AndroidManifest.xml:47:13-49:61
84                android:name="android.appwidget.provider"
84-->src\main\AndroidManifest.xml:48:17-58
85                android:resource="@xml/journey_widget_info" />
85-->src\main\AndroidManifest.xml:49:17-58
86        </receiver>
87
88        <!-- WorkManager for background refresh -->
89        <provider
90            android:name="androidx.startup.InitializationProvider"
90-->src\main\AndroidManifest.xml:67:13-67
91            android:authorities="com.devpa.app.androidx-startup"
91-->src\main\AndroidManifest.xml:68:13-68
92            android:exported="false" >
92-->src\main\AndroidManifest.xml:69:13-37
93            <meta-data
93-->src\main\AndroidManifest.xml:70:13-72:52
94                android:name="androidx.work.WorkManagerInitializer"
94-->src\main\AndroidManifest.xml:71:17-68
95                android:value="androidx.startup" />
95-->src\main\AndroidManifest.xml:72:17-49
96            <meta-data
96-->[androidx.emoji2:emoji2:1.2.0] AndroidManifest.xml:29:13-31:52
97                android:name="androidx.emoji2.text.EmojiCompatInitializer"
97-->[androidx.emoji2:emoji2:1.2.0] AndroidManifest.xml:30:17-75
98                android:value="androidx.startup" />
98-->[androidx.emoji2:emoji2:1.2.0] AndroidManifest.xml:31:17-49
99            <meta-data
99-->[androidx.lifecycle:lifecycle-process:2.7.0] AndroidManifest.xml:29:13-31:52
100                android:name="androidx.lifecycle.ProcessLifecycleInitializer"
100-->[androidx.lifecycle:lifecycle-process:2.7.0] AndroidManifest.xml:30:17-78
101                android:value="androidx.startup" />
101-->[androidx.lifecycle:lifecycle-process:2.7.0] AndroidManifest.xml:31:17-49
102            <meta-data
102-->[androidx.profileinstaller:profileinstaller:1.3.0] AndroidManifest.xml:29:13-31:52
103                android:name="androidx.profileinstaller.ProfileInstallerInitializer"
103-->[androidx.profileinstaller:profileinstaller:1.3.0] AndroidManifest.xml:30:17-85
104                android:value="androidx.startup" />
104-->[androidx.profileinstaller:profileinstaller:1.3.0] AndroidManifest.xml:31:17-49
105        </provider>
106
107        <!-- Boot receiver to reschedule widget refresh after reboot -->
108        <receiver
108-->src\main\AndroidManifest.xml:76:9-82:20
109            android:name="com.devpa.app.widget.BootReceiver"
109-->src\main\AndroidManifest.xml:77:13-48
110            android:exported="true" >
110-->src\main\AndroidManifest.xml:78:13-36
111            <intent-filter>
111-->src\main\AndroidManifest.xml:79:13-81:29
112                <action android:name="android.intent.action.BOOT_COMPLETED" />
112-->src\main\AndroidManifest.xml:80:17-79
112-->src\main\AndroidManifest.xml:80:25-76
113            </intent-filter>
114        </receiver>
115
116        <activity
116-->[com.google.android.gms:play-services-auth:21.0.0] AndroidManifest.xml:23:9-27:75
117            android:name="com.google.android.gms.auth.api.signin.internal.SignInHubActivity"
117-->[com.google.android.gms:play-services-auth:21.0.0] AndroidManifest.xml:24:13-93
118            android:excludeFromRecents="true"
118-->[com.google.android.gms:play-services-auth:21.0.0] AndroidManifest.xml:25:13-46
119            android:exported="false"
119-->[com.google.android.gms:play-services-auth:21.0.0] AndroidManifest.xml:26:13-37
120            android:theme="@android:style/Theme.Translucent.NoTitleBar" />
120-->[com.google.android.gms:play-services-auth:21.0.0] AndroidManifest.xml:27:13-72
121        <!--
122            Service handling Google Sign-In user revocation. For apps that do not integrate with
123            Google Sign-In, this service will never be started.
124        -->
125        <service
125-->[com.google.android.gms:play-services-auth:21.0.0] AndroidManifest.xml:33:9-37:51
126            android:name="com.google.android.gms.auth.api.signin.RevocationBoundService"
126-->[com.google.android.gms:play-services-auth:21.0.0] AndroidManifest.xml:34:13-89
127            android:exported="true"
127-->[com.google.android.gms:play-services-auth:21.0.0] AndroidManifest.xml:35:13-36
128            android:permission="com.google.android.gms.auth.api.signin.permission.REVOCATION_NOTIFICATION"
128-->[com.google.android.gms:play-services-auth:21.0.0] AndroidManifest.xml:36:13-107
129            android:visibleToInstantApps="true" />
129-->[com.google.android.gms:play-services-auth:21.0.0] AndroidManifest.xml:37:13-48
130
131        <activity
131-->[com.google.android.gms:play-services-base:18.0.1] AndroidManifest.xml:20:9-22:45
132            android:name="com.google.android.gms.common.api.GoogleApiActivity"
132-->[com.google.android.gms:play-services-base:18.0.1] AndroidManifest.xml:20:19-85
133            android:exported="false"
133-->[com.google.android.gms:play-services-base:18.0.1] AndroidManifest.xml:22:19-43
134            android:theme="@android:style/Theme.Translucent.NoTitleBar" />
134-->[com.google.android.gms:play-services-base:18.0.1] AndroidManifest.xml:21:19-78
135
136        <service
136-->[androidx.work:work-runtime:2.9.0] AndroidManifest.xml:39:9-45:35
137            android:name="androidx.work.impl.background.systemalarm.SystemAlarmService"
137-->[androidx.work:work-runtime:2.9.0] AndroidManifest.xml:40:13-88
138            android:directBootAware="false"
138-->[androidx.work:work-runtime:2.9.0] AndroidManifest.xml:41:13-44
139            android:enabled="@bool/enable_system_alarm_service_default"
139-->[androidx.work:work-runtime:2.9.0] AndroidManifest.xml:42:13-72
140            android:exported="false" />
140-->[androidx.work:work-runtime:2.9.0] AndroidManifest.xml:43:13-37
141        <service
141-->[androidx.work:work-runtime:2.9.0] AndroidManifest.xml:46:9-52:35
142            android:name="androidx.work.impl.background.systemjob.SystemJobService"
142-->[androidx.work:work-runtime:2.9.0] AndroidManifest.xml:47:13-84
143            android:directBootAware="false"
143-->[androidx.work:work-runtime:2.9.0] AndroidManifest.xml:48:13-44
144            android:enabled="@bool/enable_system_job_service_default"
144-->[androidx.work:work-runtime:2.9.0] AndroidManifest.xml:49:13-70
145            android:exported="true"
145-->[androidx.work:work-runtime:2.9.0] AndroidManifest.xml:50:13-36
146            android:permission="android.permission.BIND_JOB_SERVICE" />
146-->[androidx.work:work-runtime:2.9.0] AndroidManifest.xml:51:13-69
147        <service
147-->[androidx.work:work-runtime:2.9.0] AndroidManifest.xml:53:9-59:35
148            android:name="androidx.work.impl.foreground.SystemForegroundService"
148-->[androidx.work:work-runtime:2.9.0] AndroidManifest.xml:54:13-81
149            android:directBootAware="false"
149-->[androidx.work:work-runtime:2.9.0] AndroidManifest.xml:55:13-44
150            android:enabled="@bool/enable_system_foreground_service_default"
150-->[androidx.work:work-runtime:2.9.0] AndroidManifest.xml:56:13-77
151            android:exported="false" />
151-->[androidx.work:work-runtime:2.9.0] AndroidManifest.xml:57:13-37
152
153        <receiver
153-->[androidx.work:work-runtime:2.9.0] AndroidManifest.xml:61:9-66:35
154            android:name="androidx.work.impl.utils.ForceStopRunnable$BroadcastReceiver"
154-->[androidx.work:work-runtime:2.9.0] AndroidManifest.xml:62:13-88
155            android:directBootAware="false"
155-->[androidx.work:work-runtime:2.9.0] AndroidManifest.xml:63:13-44
156            android:enabled="true"
156-->[androidx.work:work-runtime:2.9.0] AndroidManifest.xml:64:13-35
157            android:exported="false" />
157-->[androidx.work:work-runtime:2.9.0] AndroidManifest.xml:65:13-37
158        <receiver
158-->[androidx.work:work-runtime:2.9.0] AndroidManifest.xml:67:9-77:20
159            android:name="androidx.work.impl.background.systemalarm.ConstraintProxy$BatteryChargingProxy"
159-->[androidx.work:work-runtime:2.9.0] AndroidManifest.xml:68:13-106
160            android:directBootAware="false"
160-->[androidx.work:work-runtime:2.9.0] AndroidManifest.xml:69:13-44
161            android:enabled="false"
161-->[androidx.work:work-runtime:2.9.0] AndroidManifest.xml:70:13-36
162            android:exported="false" >
162-->[androidx.work:work-runtime:2.9.0] AndroidManifest.xml:71:13-37
163            <intent-filter>
163-->[androidx.work:work-runtime:2.9.0] AndroidManifest.xml:73:13-76:29
164                <action android:name="android.intent.action.ACTION_POWER_CONNECTED" />
164-->[androidx.work:work-runtime:2.9.0] AndroidManifest.xml:74:17-87
164-->[androidx.work:work-runtime:2.9.0] AndroidManifest.xml:74:25-84
165                <action android:name="android.intent.action.ACTION_POWER_DISCONNECTED" />
165-->[androidx.work:work-runtime:2.9.0] AndroidManifest.xml:75:17-90
165-->[androidx.work:work-runtime:2.9.0] AndroidManifest.xml:75:25-87
166            </intent-filter>
167        </receiver>
168        <receiver
168-->[androidx.work:work-runtime:2.9.0] AndroidManifest.xml:78:9-88:20
169            android:name="androidx.work.impl.background.systemalarm.ConstraintProxy$BatteryNotLowProxy"
169-->[androidx.work:work-runtime:2.9.0] AndroidManifest.xml:79:13-104
170            android:directBootAware="false"
170-->[androidx.work:work-runtime:2.9.0] AndroidManifest.xml:80:13-44
171            android:enabled="false"
171-->[androidx.work:work-runtime:2.9.0] AndroidManifest.xml:81:13-36
172            android:exported="false" >
172-->[androidx.work:work-runtime:2.9.0] AndroidManifest.xml:82:13-37
173            <intent-filter>
173-->[androidx.work:work-runtime:2.9.0] AndroidManifest.xml:84:13-87:29
174                <action android:name="android.intent.action.BATTERY_OKAY" />
174-->[androidx.work:work-runtime:2.9.0] AndroidManifest.xml:85:17-77
174-->[androidx.work:work-runtime:2.9.0] AndroidManifest.xml:85:25-74
175                <action android:name="android.intent.action.BATTERY_LOW" />
175-->[androidx.work:work-runtime:2.9.0] AndroidManifest.xml:86:17-76
175-->[androidx.work:work-runtime:2.9.0] AndroidManifest.xml:86:25-73
176            </intent-filter>
177        </receiver>
178        <receiver
178-->[androidx.work:work-runtime:2.9.0] AndroidManifest.xml:89:9-99:20
179            android:name="androidx.work.impl.background.systemalarm.ConstraintProxy$StorageNotLowProxy"
179-->[androidx.work:work-runtime:2.9.0] AndroidManifest.xml:90:13-104
180            android:directBootAware="false"
180-->[androidx.work:work-runtime:2.9.0] AndroidManifest.xml:91:13-44
181            android:enabled="false"
181-->[androidx.work:work-runtime:2.9.0] AndroidManifest.xml:92:13-36
182            android:exported="false" >
182-->[androidx.work:work-runtime:2.9.0] AndroidManifest.xml:93:13-37
183            <intent-filter>
183-->[androidx.work:work-runtime:2.9.0] AndroidManifest.xml:95:13-98:29
184                <action android:name="android.intent.action.DEVICE_STORAGE_LOW" />
184-->[androidx.work:work-runtime:2.9.0] AndroidManifest.xml:96:17-83
184-->[androidx.work:work-runtime:2.9.0] AndroidManifest.xml:96:25-80
185                <action android:name="android.intent.action.DEVICE_STORAGE_OK" />
185-->[androidx.work:work-runtime:2.9.0] AndroidManifest.xml:97:17-82
185-->[androidx.work:work-runtime:2.9.0] AndroidManifest.xml:97:25-79
186            </intent-filter>
187        </receiver>
188        <receiver
188-->[androidx.work:work-runtime:2.9.0] AndroidManifest.xml:100:9-109:20
189            android:name="androidx.work.impl.background.systemalarm.ConstraintProxy$NetworkStateProxy"
189-->[androidx.work:work-runtime:2.9.0] AndroidManifest.xml:101:13-103
190            android:directBootAware="false"
190-->[androidx.work:work-runtime:2.9.0] AndroidManifest.xml:102:13-44
191            android:enabled="false"
191-->[androidx.work:work-runtime:2.9.0] AndroidManifest.xml:103:13-36
192            android:exported="false" >
192-->[androidx.work:work-runtime:2.9.0] AndroidManifest.xml:104:13-37
193            <intent-filter>
193-->[androidx.work:work-runtime:2.9.0] AndroidManifest.xml:106:13-108:29
194                <action android:name="android.net.conn.CONNECTIVITY_CHANGE" />
194-->[androidx.work:work-runtime:2.9.0] AndroidManifest.xml:107:17-79
194-->[androidx.work:work-runtime:2.9.0] AndroidManifest.xml:107:25-76
195            </intent-filter>
196        </receiver>
197        <receiver
197-->[androidx.work:work-runtime:2.9.0] AndroidManifest.xml:110:9-121:20
198            android:name="androidx.work.impl.background.systemalarm.RescheduleReceiver"
198-->[androidx.work:work-runtime:2.9.0] AndroidManifest.xml:111:13-88
199            android:directBootAware="false"
199-->[androidx.work:work-runtime:2.9.0] AndroidManifest.xml:112:13-44
200            android:enabled="false"
200-->[androidx.work:work-runtime:2.9.0] AndroidManifest.xml:113:13-36
201            android:exported="false" >
201-->[androidx.work:work-runtime:2.9.0] AndroidManifest.xml:114:13-37
202            <intent-filter>
202-->[androidx.work:work-runtime:2.9.0] AndroidManifest.xml:116:13-120:29
203                <action android:name="android.intent.action.BOOT_COMPLETED" />
203-->src\main\AndroidManifest.xml:80:17-79
203-->src\main\AndroidManifest.xml:80:25-76
204                <action android:name="android.intent.action.TIME_SET" />
204-->[androidx.work:work-runtime:2.9.0] AndroidManifest.xml:118:17-73
204-->[androidx.work:work-runtime:2.9.0] AndroidManifest.xml:118:25-70
205                <action android:name="android.intent.action.TIMEZONE_CHANGED" />
205-->[androidx.work:work-runtime:2.9.0] AndroidManifest.xml:119:17-81
205-->[androidx.work:work-runtime:2.9.0] AndroidManifest.xml:119:25-78
206            </intent-filter>
207        </receiver>
208        <receiver
208-->[androidx.work:work-runtime:2.9.0] AndroidManifest.xml:122:9-131:20
209            android:name="androidx.work.impl.background.systemalarm.ConstraintProxyUpdateReceiver"
209-->[androidx.work:work-runtime:2.9.0] AndroidManifest.xml:123:13-99
210            android:directBootAware="false"
210-->[androidx.work:work-runtime:2.9.0] AndroidManifest.xml:124:13-44
211            android:enabled="@bool/enable_system_alarm_service_default"
211-->[androidx.work:work-runtime:2.9.0] AndroidManifest.xml:125:13-72
212            android:exported="false" >
212-->[androidx.work:work-runtime:2.9.0] AndroidManifest.xml:126:13-37
213            <intent-filter>
213-->[androidx.work:work-runtime:2.9.0] AndroidManifest.xml:128:13-130:29
214                <action android:name="androidx.work.impl.background.systemalarm.UpdateProxies" />
214-->[androidx.work:work-runtime:2.9.0] AndroidManifest.xml:129:17-98
214-->[androidx.work:work-runtime:2.9.0] AndroidManifest.xml:129:25-95
215            </intent-filter>
216        </receiver>
217        <receiver
217-->[androidx.work:work-runtime:2.9.0] AndroidManifest.xml:132:9-142:20
218            android:name="androidx.work.impl.diagnostics.DiagnosticsReceiver"
218-->[androidx.work:work-runtime:2.9.0] AndroidManifest.xml:133:13-78
219            android:directBootAware="false"
219-->[androidx.work:work-runtime:2.9.0] AndroidManifest.xml:134:13-44
220            android:enabled="true"
220-->[androidx.work:work-runtime:2.9.0] AndroidManifest.xml:135:13-35
221            android:exported="true"
221-->[androidx.work:work-runtime:2.9.0] AndroidManifest.xml:136:13-36
222            android:permission="android.permission.DUMP" >
222-->[androidx.work:work-runtime:2.9.0] AndroidManifest.xml:137:13-57
223            <intent-filter>
223-->[androidx.work:work-runtime:2.9.0] AndroidManifest.xml:139:13-141:29
224                <action android:name="androidx.work.diagnostics.REQUEST_DIAGNOSTICS" />
224-->[androidx.work:work-runtime:2.9.0] AndroidManifest.xml:140:17-88
224-->[androidx.work:work-runtime:2.9.0] AndroidManifest.xml:140:25-85
225            </intent-filter>
226        </receiver>
227
228        <service
228-->[androidx.room:room-runtime:2.6.1] AndroidManifest.xml:24:9-28:63
229            android:name="androidx.room.MultiInstanceInvalidationService"
229-->[androidx.room:room-runtime:2.6.1] AndroidManifest.xml:25:13-74
230            android:directBootAware="true"
230-->[androidx.room:room-runtime:2.6.1] AndroidManifest.xml:26:13-43
231            android:exported="false" />
231-->[androidx.room:room-runtime:2.6.1] AndroidManifest.xml:27:13-37
232
233        <uses-library
233-->[androidx.window:window:1.0.0] AndroidManifest.xml:25:9-27:40
234            android:name="androidx.window.extensions"
234-->[androidx.window:window:1.0.0] AndroidManifest.xml:26:13-54
235            android:required="false" />
235-->[androidx.window:window:1.0.0] AndroidManifest.xml:27:13-37
236        <uses-library
236-->[androidx.window:window:1.0.0] AndroidManifest.xml:28:9-30:40
237            android:name="androidx.window.sidecar"
237-->[androidx.window:window:1.0.0] AndroidManifest.xml:29:13-51
238            android:required="false" />
238-->[androidx.window:window:1.0.0] AndroidManifest.xml:30:13-37
239
240        <meta-data
240-->[com.google.android.gms:play-services-basement:18.2.0] AndroidManifest.xml:21:9-23:69
241            android:name="com.google.android.gms.version"
241-->[com.google.android.gms:play-services-basement:18.2.0] AndroidManifest.xml:22:13-58
242            android:value="@integer/google_play_services_version" />
242-->[com.google.android.gms:play-services-basement:18.2.0] AndroidManifest.xml:23:13-66
243
244        <receiver
244-->[androidx.profileinstaller:profileinstaller:1.3.0] AndroidManifest.xml:34:9-52:20
245            android:name="androidx.profileinstaller.ProfileInstallReceiver"
245-->[androidx.profileinstaller:profileinstaller:1.3.0] AndroidManifest.xml:35:13-76
246            android:directBootAware="false"
246-->[androidx.profileinstaller:profileinstaller:1.3.0] AndroidManifest.xml:36:13-44
247            android:enabled="true"
247-->[androidx.profileinstaller:profileinstaller:1.3.0] AndroidManifest.xml:37:13-35
248            android:exported="true"
248-->[androidx.profileinstaller:profileinstaller:1.3.0] AndroidManifest.xml:38:13-36
249            android:permission="android.permission.DUMP" >
249-->[androidx.profileinstaller:profileinstaller:1.3.0] AndroidManifest.xml:39:13-57
250            <intent-filter>
250-->[androidx.profileinstaller:profileinstaller:1.3.0] AndroidManifest.xml:40:13-42:29
251                <action android:name="androidx.profileinstaller.action.INSTALL_PROFILE" />
251-->[androidx.profileinstaller:profileinstaller:1.3.0] AndroidManifest.xml:41:17-91
251-->[androidx.profileinstaller:profileinstaller:1.3.0] AndroidManifest.xml:41:25-88
252            </intent-filter>
253            <intent-filter>
253-->[androidx.profileinstaller:profileinstaller:1.3.0] AndroidManifest.xml:43:13-45:29
254                <action android:name="androidx.profileinstaller.action.SKIP_FILE" />
254-->[androidx.profileinstaller:profileinstaller:1.3.0] AndroidManifest.xml:44:17-85
254-->[androidx.profileinstaller:profileinstaller:1.3.0] AndroidManifest.xml:44:25-82
255            </intent-filter>
256            <intent-filter>
256-->[androidx.profileinstaller:profileinstaller:1.3.0] AndroidManifest.xml:46:13-48:29
257                <action android:name="androidx.profileinstaller.action.SAVE_PROFILE" />
257-->[androidx.profileinstaller:profileinstaller:1.3.0] AndroidManifest.xml:47:17-88
257-->[androidx.profileinstaller:profileinstaller:1.3.0] AndroidManifest.xml:47:25-85
258            </intent-filter>
259            <intent-filter>
259-->[androidx.profileinstaller:profileinstaller:1.3.0] AndroidManifest.xml:49:13-51:29
260                <action android:name="androidx.profileinstaller.action.BENCHMARK_OPERATION" />
260-->[androidx.profileinstaller:profileinstaller:1.3.0] AndroidManifest.xml:50:17-95
260-->[androidx.profileinstaller:profileinstaller:1.3.0] AndroidManifest.xml:50:25-92
261            </intent-filter>
262        </receiver>
263    </application>
264
265</manifest>